<?xml version="1.0" encoding="UTF-8"?>
<!-- Generated by org.testng.reporters.JUnitXMLReporter -->
<testsuite ignored="0" hostname="Muralis-MBP.hsd1.ca.comcast.net" failures="0" tests="3" name="Test" time="13.816" errors="0" timestamp="13 Mar 2024 21:49:34 GMT">
  <testcase classname="testScenarios.SwitchingWindows" name="switchWin" time="7.544"/>
  <testcase classname="testScenarios.dynamicData" name="MathCalc" time="2.53"/>
  <testcase classname="testScenarios.MouseHover" name="dragAndDrop" time="3.73"/>
</testsuite> <!-- Test -->
