<?xml version="1.0" encoding="UTF-8"?>
<!-- Generated by org.testng.reporters.JUnitXMLReporter -->
<testsuite ignored="0" hostname="Muralis-MBP.hsd1.ca.comcast.net" failures="0" tests="4" name="Test" time="11.206" errors="0" timestamp="2024-03-21T13:23:00 PDT">
  <testcase classname="testScenarios.SwitchingWindows" name="switchWin" time="4.897"/>
  <testcase classname="testScenarios.dynamicData" name="MathCalc" time="2.708"/>
  <testcase classname="testScenarios.MouseHover" name="dragAndDrop" time="3.571"/>
  <testcase classname="testScenarios.test" name="samp11" time="0.0"/>
</testsuite> <!-- Test -->
