<?xml version="1.0" encoding="UTF-8"?>
<!-- Generated by org.testng.reporters.JUnitXMLReporter -->
<testsuite ignored="0" hostname="Muralis-MBP.hsd1.ca.comcast.net" failures="0" tests="3" name="Test" time="12.08" errors="0" timestamp="2024-03-19T14:14:23 PDT">
  <testcase classname="testScenarios.SwitchingWindows" name="switchWin" time="5.569"/>
  <testcase classname="testScenarios.dynamicData" name="MathCalc" time="2.709"/>
  <testcase classname="testScenarios.MouseHover" name="dragAndDrop" time="3.768"/>
</testsuite> <!-- Test -->
