<?xml version="1.0" encoding="UTF-8"?>
<testng-results ignored="0" total="3" passed="3" failed="0" skipped="0">
  <reporter-output>
  </reporter-output>
  <suite started-at="2024-03-19T14:14:11 PDT" name="Suite" finished-at="2024-03-19T14:14:23 PDT" duration-ms="12080">
    <groups>
    </groups>
    <test started-at="2024-03-19T14:14:11 PDT" name="Test" finished-at="2024-03-19T14:14:23 PDT" duration-ms="12080">
      <class name="testScenarios.SwitchingWindows">
        <test-method signature="switchWin()[pri:0, instance:testScenarios.SwitchingWindows@ca263c2]" started-at="2024-03-19T14:14:11 PDT" name="switchWin" finished-at="2024-03-19T14:14:16 PDT" duration-ms="5569" status="PASS">
          <reporter-output>
          </reporter-output>
        </test-method> <!-- switchWin -->
      </class> <!-- testScenarios.SwitchingWindows -->
      <class name="testScenarios.MouseHover">
        <test-method signature="dragAndDrop()[pri:0, instance:testScenarios.MouseHover@2890c451]" started-at="2024-03-19T14:14:19 PDT" name="dragAndDrop" finished-at="2024-03-19T14:14:23 PDT" duration-ms="3768" status="PASS">
          <reporter-output>
          </reporter-output>
        </test-method> <!-- dragAndDrop -->
      </class> <!-- testScenarios.MouseHover -->
      <class name="testScenarios.dynamicData">
        <test-method signature="MathCalc()[pri:0, instance:testScenarios.dynamicData@2145433b]" started-at="2024-03-19T14:14:16 PDT" name="MathCalc" finished-at="2024-03-19T14:14:19 PDT" duration-ms="2709" status="PASS">
          <reporter-output>
          </reporter-output>
        </test-method> <!-- MathCalc -->
      </class> <!-- testScenarios.dynamicData -->
    </test> <!-- Test -->
  </suite> <!-- Suite -->
</testng-results>
