<?xml version="1.0" encoding="UTF-8"?>
<testng-results ignored="0" total="3" passed="3" failed="0" skipped="0">
  <reporter-output>
  </reporter-output>
  <suite started-at="2024-03-13T21:49:20Z" name="Suite" finished-at="2024-03-13T21:49:34Z" duration-ms="13816">
    <groups>
    </groups>
    <test started-at="2024-03-13T21:49:20Z" name="Test" finished-at="2024-03-13T21:49:34Z" duration-ms="13816">
      <class name="testScenarios.SwitchingWindows">
        <test-method signature="switchWin()[pri:0, instance:testScenarios.SwitchingWindows@123f1134]" started-at="2024-03-13T14:49:20Z" name="switchWin" finished-at="2024-03-13T14:49:28Z" duration-ms="7544" status="PASS">
          <reporter-output>
          </reporter-output>
        </test-method> <!-- switchWin -->
      </class> <!-- testScenarios.SwitchingWindows -->
      <class name="testScenarios.MouseHover">
        <test-method signature="dragAndDrop()[pri:0, instance:testScenarios.MouseHover@25b485ba]" started-at="2024-03-13T14:49:30Z" name="dragAndDrop" finished-at="2024-03-13T14:49:34Z" duration-ms="3730" status="PASS">
          <reporter-output>
          </reporter-output>
        </test-method> <!-- dragAndDrop -->
      </class> <!-- testScenarios.MouseHover -->
      <class name="testScenarios.dynamicData">
        <test-method signature="MathCalc()[pri:0, instance:testScenarios.dynamicData@1f1c7bf6]" started-at="2024-03-13T14:49:28Z" name="MathCalc" finished-at="2024-03-13T14:49:30Z" duration-ms="2530" status="PASS">
          <reporter-output>
          </reporter-output>
        </test-method> <!-- MathCalc -->
      </class> <!-- testScenarios.dynamicData -->
    </test> <!-- Test -->
  </suite> <!-- Suite -->
</testng-results>
